* installing *source* package ‘dggridR’ ...
** package ‘dggridR’ successfully unpacked and MD5 sums checked
** libs
make[1]: Entering directory '/tmp/RtmpTRHGp3/devtoolsa70b72349e01/dggridR/src/lib/dglib/lib'
g++ -std=c++11 -c DgAddressBase.cpp -g -O2 -fstack-protector-strong -Wformat -Werror=format-security -Wdate-time -D_FORTIFY_SOURCE=2 -g -fpic -I../include -I../../proj4lib/include -I../../shapelib-1.3.0
g++ -std=c++11 -c DgDiscRFS2D.cpp -g -O2 -fstack-protector-strong -Wformat -Werror=format-security -Wdate-time -D_FORTIFY_SOURCE=2 -g -fpic -I../include -I../../proj4lib/include -I../../shapelib-1.3.0
g++ -std=c++11 -c DgHexC1Grid2D.cpp -g -O2 -fstack-protector-strong -Wformat -Werror=format-security -Wdate-time -D_FORTIFY_SOURCE=2 -g -fpic -I../include -I../../proj4lib/include -I../../shapelib-1.3.0
g++ -std=c++11 -c DgIDGGS.cpp -g -O2 -fstack-protector-strong -Wformat -Werror=format-security -Wdate-time -D_FORTIFY_SOURCE=2 -g -fpic -I../include -I../../proj4lib/include -I../../shapelib-1.3.0
g++ -std=c++11 -c DgLocList.cpp -g -O2 -fstack-protector-strong -Wformat -Werror=format-security -Wdate-time -D_FORTIFY_SOURCE=2 -g -fpic -I../include -I../../proj4lib/include -I../../shapelib-1.3.0
g++ -std=c++11 -c DgOutShapefile.cpp -g -O2 -fstack-protector-strong -Wformat -Werror=format-security -Wdate-time -D_FORTIFY_SOURCE=2 -g -fpic -I../include -I../../proj4lib/include -I../../shapelib-1.3.0
g++ -std=c++11 -c DgSeriesConverter.cpp -g -O2 -fstack-protector-strong -Wformat -Werror=format-security -Wdate-time -D_FORTIFY_SOURCE=2 -g -fpic -I../include -I../../proj4lib/include -I../../shapelib-1.3.0
make[1]: Entering directory '/tmp/RtmpTRHGp3/devtoolsa70b72349e01/dggridR/src/lib/shapelib-1.3.0'
gcc -std=gnu99 -g -O2 -fstack-protector-strong -Wformat -Werror=format-security -Wdate-time -D_FORTIFY_SOURCE=2 -g  -fpic -c shpopen.c
g++ -std=c++11 -c DgBase.cpp -g -O2 -fstack-protector-strong -Wformat -Werror=format-security -Wdate-time -D_FORTIFY_SOURCE=2 -g -fpic -I../include -I../../proj4lib/include -I../../shapelib-1.3.0
gcc -std=gnu99 -g -O2 -fstack-protector-strong -Wformat -Werror=format-security -Wdate-time -D_FORTIFY_SOURCE=2 -g  -fpic -c dbfopen.c
g++ -std=c++11 -c DgDistanceBase.cpp -g -O2 -fstack-protector-strong -Wformat -Werror=format-security -Wdate-time -D_FORTIFY_SOURCE=2 -g -fpic -I../include -I../../proj4lib/include -I../../shapelib-1.3.0
gcc -std=gnu99 -g -O2 -fstack-protector-strong -Wformat -Werror=format-security -Wdate-time -D_FORTIFY_SOURCE=2 -g  -fpic -c safileio.c
g++ -std=c++11 -c DgHexC2Grid2D.cpp -g -O2 -fstack-protector-strong -Wformat -Werror=format-security -Wdate-time -D_FORTIFY_SOURCE=2 -g -fpic -I../include -I../../proj4lib/include -I../../shapelib-1.3.0
gcc -std=gnu99 -g -O2 -fstack-protector-strong -Wformat -Werror=format-security -Wdate-time -D_FORTIFY_SOURCE=2 -g  -fpic -c shptree.c
make[1]: Entering directory '/tmp/RtmpTRHGp3/devtoolsa70b72349e01/dggridR/src/lib/clipper'
g++ -std=c++11 -g -O2 -fstack-protector-strong -Wformat -Werror=format-security -Wdate-time -D_FORTIFY_SOURCE=2 -g -fpic -c clipper.cpp -o clipper.o
g++ -std=c++11 -c DgInAIGenFile.cpp -g -O2 -fstack-protector-strong -Wformat -Werror=format-security -Wdate-time -D_FORTIFY_SOURCE=2 -g -fpic -I../include -I../../proj4lib/include -I../../shapelib-1.3.0
g++ -std=c++11 -c DgLocVector.cpp -g -O2 -fstack-protector-strong -Wformat -Werror=format-security -Wdate-time -D_FORTIFY_SOURCE=2 -g -fpic -I../include -I../../proj4lib/include -I../../shapelib-1.3.0
g++ -std=c++11 -c DgParamList.cpp -g -O2 -fstack-protector-strong -Wformat -Werror=format-security -Wdate-time -D_FORTIFY_SOURCE=2 -g -fpic -I../include -I../../proj4lib/include -I../../shapelib-1.3.0
g++ -std=c++11 -c DgSqrD4Grid2D.cpp -g -O2 -fstack-protector-strong -Wformat -Werror=format-security -Wdate-time -D_FORTIFY_SOURCE=2 -g -fpic -I../include -I../../proj4lib/include -I../../shapelib-1.3.0
g++ -std=c++11 -c DgBoundedHexC2RF2D.cpp -g -O2 -fstack-protector-strong -Wformat -Werror=format-security -Wdate-time -D_FORTIFY_SOURCE=2 -g -fpic -I../include -I../../proj4lib/include -I../../shapelib-1.3.0
make[1]: Entering directory '/tmp/RtmpTRHGp3/devtoolsa70b72349e01/dggridR/src/lib/proj4lib/lib'
g++ -std=c++11 -c adjlon.cpp -g -O2 -fstack-protector-strong -Wformat -Werror=format-security -Wdate-time -D_FORTIFY_SOURCE=2 -g -fpic -I../include
g++ -std=c++11 -c DgDmdD4Grid2D.cpp -g -O2 -fstack-protector-strong -Wformat -Werror=format-security -Wdate-time -D_FORTIFY_SOURCE=2 -g -fpic -I../include -I../../proj4lib/include -I../../shapelib-1.3.0
g++ -std=c++11 -c DgHexGrid2DS.cpp -g -O2 -fstack-protector-strong -Wformat -Werror=format-security -Wdate-time -D_FORTIFY_SOURCE=2 -g -fpic -I../include -I../../proj4lib/include -I../../shapelib-1.3.0
g++ -std=c++11 -c hypot.cpp -g -O2 -fstack-protector-strong -Wformat -Werror=format-security -Wdate-time -D_FORTIFY_SOURCE=2 -g -fpic -I../include
g++ -std=c++11 -c pj_auth.cpp -g -O2 -fstack-protector-strong -Wformat -Werror=format-security -Wdate-time -D_FORTIFY_SOURCE=2 -g -fpic -I../include
ar rcs libclipper.a clipper.o 
g++ -std=c++11 -c DgInLocTextFile.cpp -g -O2 -fstack-protector-strong -Wformat -Werror=format-security -Wdate-time -D_FORTIFY_SOURCE=2 -g -fpic -I../include -I../../proj4lib/include -I../../shapelib-1.3.0
g++ -std=c++11 -c pj_mlfn.cpp -g -O2 -fstack-protector-strong -Wformat -Werror=format-security -Wdate-time -D_FORTIFY_SOURCE=2 -g -fpic -I../include
g++ -std=c++11 -c DgOutAIGenFile.cpp -g -O2 -fstack-protector-strong -Wformat -Werror=format-security -Wdate-time -D_FORTIFY_SOURCE=2 -g -fpic -I../include -I../../proj4lib/include -I../../shapelib-1.3.0
g++ -std=c++11 -c pj_msfn.cpp -g -O2 -fstack-protector-strong -Wformat -Werror=format-security -Wdate-time -D_FORTIFY_SOURCE=2 -g -fpic -I../include
ar rcs libshp.a shpopen.o dbfopen.o safileio.o shptree.o 
g++ -std=c++11 -c pj_phi2.cpp -g -O2 -fstack-protector-strong -Wformat -Werror=format-security -Wdate-time -D_FORTIFY_SOURCE=2 -g -fpic -I../include
g++ -std=c++11 -c DgPolygon.cpp -g -O2 -fstack-protector-strong -Wformat -Werror=format-security -Wdate-time -D_FORTIFY_SOURCE=2 -g -fpic -I../include -I../../proj4lib/include -I../../shapelib-1.3.0
make[1]: Leaving directory '/tmp/RtmpTRHGp3/devtoolsa70b72349e01/dggridR/src/lib/shapelib-1.3.0'
g++ -std=c++11 -c pj_qsfn.cpp -g -O2 -fstack-protector-strong -Wformat -Werror=format-security -Wdate-time -D_FORTIFY_SOURCE=2 -g -fpic -I../include
g++ -std=c++11 -c DgSqrD4Grid2DS.cpp -g -O2 -fstack-protector-strong -Wformat -Werror=format-security -Wdate-time -D_FORTIFY_SOURCE=2 -g -fpic -I../include -I../../proj4lib/include -I../../shapelib-1.3.0
g++ -std=c++11 -c DgBoundedIDGG.cpp -g -O2 -fstack-protector-strong -Wformat -Werror=format-security -Wdate-time -D_FORTIFY_SOURCE=2 -g -fpic -I../include -I../../proj4lib/include -I../../shapelib-1.3.0
g++ -std=c++11 -c pj_tsfn.cpp -g -O2 -fstack-protector-strong -Wformat -Werror=format-security -Wdate-time -D_FORTIFY_SOURCE=2 -g -fpic -I../include
g++ -std=c++11 -c DgDmdD4Grid2DS.cpp -g -O2 -fstack-protector-strong -Wformat -Werror=format-security -Wdate-time -D_FORTIFY_SOURCE=2 -g -fpic -I../include -I../../proj4lib/include -I../../shapelib-1.3.0
g++ -std=c++11 -c DgIcosaMap.cpp -g -O2 -fstack-protector-strong -Wformat -Werror=format-security -Wdate-time -D_FORTIFY_SOURCE=2 -g -fpic -I../include -I../../proj4lib/include -I../../shapelib-1.3.0
make[1]: Leaving directory '/tmp/RtmpTRHGp3/devtoolsa70b72349e01/dggridR/src/lib/clipper'
g++ -std=c++11 -c DgInputStream.cpp -g -O2 -fstack-protector-strong -Wformat -Werror=format-security -Wdate-time -D_FORTIFY_SOURCE=2 -g -fpic -I../include -I../../proj4lib/include -I../../shapelib-1.3.0
g++ -std=c++11 -c DgOutGeoJSONFile.cpp -g -O2 -fstack-protector-strong -Wformat -Werror=format-security -Wdate-time -D_FORTIFY_SOURCE=2 -g -fpic -I../include -I../../proj4lib/include -I../../shapelib-1.3.0
g++ -std=c++11 -c DgProjFuller.cpp -g -O2 -fstack-protector-strong -Wformat -Werror=format-security -Wdate-time -D_FORTIFY_SOURCE=2 -g -fpic -I../include -I../../proj4lib/include -I../../shapelib-1.3.0
g++ -std=c++11 -c DgSqrD8Grid2D.cpp -g -O2 -fstack-protector-strong -Wformat -Werror=format-security -Wdate-time -D_FORTIFY_SOURCE=2 -g -fpic -I../include -I../../proj4lib/include -I../../shapelib-1.3.0
g++ -std=c++11 -c DgBoundedIDGGS.cpp -g -O2 -fstack-protector-strong -Wformat -Werror=format-security -Wdate-time -D_FORTIFY_SOURCE=2 -g -fpic -I../include -I../../proj4lib/include -I../../shapelib-1.3.0
ar rcs proj4lib.a  adjlon.o  hypot.o  pj_auth.o  pj_mlfn.o  pj_msfn.o  pj_phi2.o  pj_qsfn.o  pj_tsfn.o
g++ -std=c++11 -c DgDmdD8Grid2D.cpp -g -O2 -fstack-protector-strong -Wformat -Werror=format-security -Wdate-time -D_FORTIFY_SOURCE=2 -g -fpic -I../include -I../../proj4lib/include -I../../shapelib-1.3.0
g++ -std=c++11 -c DgIDGG.cpp -g -O2 -fstack-protector-strong -Wformat -Werror=format-security -Wdate-time -D_FORTIFY_SOURCE=2 -g -fpic -I../include -I../../proj4lib/include -I../../shapelib-1.3.0
g++ -std=c++11 -c DgInShapefileAtt.cpp -g -O2 -fstack-protector-strong -Wformat -Werror=format-security -Wdate-time -D_FORTIFY_SOURCE=2 -g -fpic -I../include -I../../proj4lib/include -I../../shapelib-1.3.0
make[1]: Leaving directory '/tmp/RtmpTRHGp3/devtoolsa70b72349e01/dggridR/src/lib/proj4lib/lib'
g++ -std=c++11 -c DgOutKMLfile.cpp -g -O2 -fstack-protector-strong -Wformat -Werror=format-security -Wdate-time -D_FORTIFY_SOURCE=2 -g -fpic -I../include -I../../proj4lib/include -I../../shapelib-1.3.0
g++ -std=c++11 -c DgProjGnomonicRF.cpp -g -O2 -fstack-protector-strong -Wformat -Werror=format-security -Wdate-time -D_FORTIFY_SOURCE=2 -g -fpic -I../include -I../../proj4lib/include -I../../shapelib-1.3.0
g++ -std=c++11 -c DgSqrD8Grid2DS.cpp -g -O2 -fstack-protector-strong -Wformat -Werror=format-security -Wdate-time -D_FORTIFY_SOURCE=2 -g -fpic -I../include -I../../proj4lib/include -I../../shapelib-1.3.0
g++ -std=c++11 -c DgBoundedRF2D.cpp -g -O2 -fstack-protector-strong -Wformat -Werror=format-security -Wdate-time -D_FORTIFY_SOURCE=2 -g -fpic -I../include -I../../proj4lib/include -I../../shapelib-1.3.0
g++ -std=c++11 -c DgDmdD8Grid2DS.cpp -g -O2 -fstack-protector-strong -Wformat -Werror=format-security -Wdate-time -D_FORTIFY_SOURCE=2 -g -fpic -I../include -I../../proj4lib/include -I../../shapelib-1.3.0
g++ -std=c++11 -c DgIDGGS3H.cpp -g -O2 -fstack-protector-strong -Wformat -Werror=format-security -Wdate-time -D_FORTIFY_SOURCE=2 -g -fpic -I../include -I../../proj4lib/include -I../../shapelib-1.3.0
g++ -std=c++11 -c DgInShapefile.cpp -g -O2 -fstack-protector-strong -Wformat -Werror=format-security -Wdate-time -D_FORTIFY_SOURCE=2 -g -fpic -I../include -I../../proj4lib/include -I../../shapelib-1.3.0
g++ -std=c++11 -c DgOutLocFile.cpp -g -O2 -fstack-protector-strong -Wformat -Werror=format-security -Wdate-time -D_FORTIFY_SOURCE=2 -g -fpic -I../include -I../../proj4lib/include -I../../shapelib-1.3.0
g++ -std=c++11 -c DgProjISEA.cpp -g -O2 -fstack-protector-strong -Wformat -Werror=format-security -Wdate-time -D_FORTIFY_SOURCE=2 -g -fpic -I../include -I../../proj4lib/include -I../../shapelib-1.3.0
g++ -std=c++11 -c DgSuperfund.cpp -g -O2 -fstack-protector-strong -Wformat -Werror=format-security -Wdate-time -D_FORTIFY_SOURCE=2 -g -fpic -I../include -I../../proj4lib/include -I../../shapelib-1.3.0
g++ -std=c++11 -c DgBoundedRFS2D.cpp -g -O2 -fstack-protector-strong -Wformat -Werror=format-security -Wdate-time -D_FORTIFY_SOURCE=2 -g -fpic -I../include -I../../proj4lib/include -I../../shapelib-1.3.0
g++ -std=c++11 -c DgDVec2D.cpp -g -O2 -fstack-protector-strong -Wformat -Werror=format-security -Wdate-time -D_FORTIFY_SOURCE=2 -g -fpic -I../include -I../../proj4lib/include -I../../shapelib-1.3.0
g++ -std=c++11 -c DgIDGGS43H.cpp -g -O2 -fstack-protector-strong -Wformat -Werror=format-security -Wdate-time -D_FORTIFY_SOURCE=2 -g -fpic -I../include -I../../proj4lib/include -I../../shapelib-1.3.0
g++ -std=c++11 -c DgIVec2D.cpp -g -O2 -fstack-protector-strong -Wformat -Werror=format-security -Wdate-time -D_FORTIFY_SOURCE=2 -g -fpic -I../include -I../../proj4lib/include -I../../shapelib-1.3.0
g++ -std=c++11 -c DgOutLocTextFile.cpp -g -O2 -fstack-protector-strong -Wformat -Werror=format-security -Wdate-time -D_FORTIFY_SOURCE=2 -g -fpic -I../include -I../../proj4lib/include -I../../shapelib-1.3.0
g++ -std=c++11 -c DgProjTriRF.cpp -g -O2 -fstack-protector-strong -Wformat -Werror=format-security -Wdate-time -D_FORTIFY_SOURCE=2 -g -fpic -I../include -I../../proj4lib/include -I../../shapelib-1.3.0
g++ -std=c++11 -c DgTriGrid2D.cpp -g -O2 -fstack-protector-strong -Wformat -Werror=format-security -Wdate-time -D_FORTIFY_SOURCE=2 -g -fpic -I../include -I../../proj4lib/include -I../../shapelib-1.3.0
g++ -std=c++11 -c DgCell.cpp -g -O2 -fstack-protector-strong -Wformat -Werror=format-security -Wdate-time -D_FORTIFY_SOURCE=2 -g -fpic -I../include -I../../proj4lib/include -I../../shapelib-1.3.0
g++ -std=c++11 -c DgDVec3D.cpp -g -O2 -fstack-protector-strong -Wformat -Werror=format-security -Wdate-time -D_FORTIFY_SOURCE=2 -g -fpic -I../include -I../../proj4lib/include -I../../shapelib-1.3.0
g++ -std=c++11 -c DgIDGGS4D.cpp -g -O2 -fstack-protector-strong -Wformat -Werror=format-security -Wdate-time -D_FORTIFY_SOURCE=2 -g -fpic -I../include -I../../proj4lib/include -I../../shapelib-1.3.0
g++ -std=c++11 -c DgIVec3D.cpp -g -O2 -fstack-protector-strong -Wformat -Werror=format-security -Wdate-time -D_FORTIFY_SOURCE=2 -g -fpic -I../include -I../../proj4lib/include -I../../shapelib-1.3.0
g++ -std=c++11 -c DgOutPtsText.cpp -g -O2 -fstack-protector-strong -Wformat -Werror=format-security -Wdate-time -D_FORTIFY_SOURCE=2 -g -fpic -I../include -I../../proj4lib/include -I../../shapelib-1.3.0
g++ -std=c++11 -c DgRandom.cpp -g -O2 -fstack-protector-strong -Wformat -Werror=format-security -Wdate-time -D_FORTIFY_SOURCE=2 -g -fpic -I../include -I../../proj4lib/include -I../../shapelib-1.3.0
g++ -std=c++11 -c DgTriGrid2DS.cpp -g -O2 -fstack-protector-strong -Wformat -Werror=format-security -Wdate-time -D_FORTIFY_SOURCE=2 -g -fpic -I../include -I../../proj4lib/include -I../../shapelib-1.3.0
g++ -std=c++11 -c DgColor.cpp -g -O2 -fstack-protector-strong -Wformat -Werror=format-security -Wdate-time -D_FORTIFY_SOURCE=2 -g -fpic -I../include -I../../proj4lib/include -I../../shapelib-1.3.0
g++ -std=c++11 -c DgEllipsoidRF.cpp -g -O2 -fstack-protector-strong -Wformat -Werror=format-security -Wdate-time -D_FORTIFY_SOURCE=2 -g -fpic -I../include -I../../proj4lib/include -I../../shapelib-1.3.0
g++ -std=c++11 -c DgIDGGS4H.cpp -g -O2 -fstack-protector-strong -Wformat -Werror=format-security -Wdate-time -D_FORTIFY_SOURCE=2 -g -fpic -I../include -I../../proj4lib/include -I../../shapelib-1.3.0
g++ -std=c++11 -c DgLocation.cpp -g -O2 -fstack-protector-strong -Wformat -Werror=format-security -Wdate-time -D_FORTIFY_SOURCE=2 -g -fpic -I../include -I../../proj4lib/include -I../../shapelib-1.3.0
g++ -std=c++11 -c DgOutputStream.cpp -g -O2 -fstack-protector-strong -Wformat -Werror=format-security -Wdate-time -D_FORTIFY_SOURCE=2 -g -fpic -I../include -I../../proj4lib/include -I../../shapelib-1.3.0
g++ -std=c++11 -c DgRFBase.cpp -g -O2 -fstack-protector-strong -Wformat -Werror=format-security -Wdate-time -D_FORTIFY_SOURCE=2 -g -fpic -I../include -I../../proj4lib/include -I../../shapelib-1.3.0
g++ -std=c++11 -c DgUtil.cpp -g -O2 -fstack-protector-strong -Wformat -Werror=format-security -Wdate-time -D_FORTIFY_SOURCE=2 -g -fpic -I../include -I../../proj4lib/include -I../../shapelib-1.3.0
g++ -std=c++11 -c DgConverterBase.cpp -g -O2 -fstack-protector-strong -Wformat -Werror=format-security -Wdate-time -D_FORTIFY_SOURCE=2 -g -fpic -I../include -I../../proj4lib/include -I../../shapelib-1.3.0
g++ -std=c++11 -c DgGeoSphRF.cpp -g -O2 -fstack-protector-strong -Wformat -Werror=format-security -Wdate-time -D_FORTIFY_SOURCE=2 -g -fpic -I../include -I../../proj4lib/include -I../../shapelib-1.3.0
g++ -std=c++11 -c DgIDGGS4T.cpp -g -O2 -fstack-protector-strong -Wformat -Werror=format-security -Wdate-time -D_FORTIFY_SOURCE=2 -g -fpic -I../include -I../../proj4lib/include -I../../shapelib-1.3.0
g++ -std=c++11 -c DgLocBase.cpp -g -O2 -fstack-protector-strong -Wformat -Werror=format-security -Wdate-time -D_FORTIFY_SOURCE=2 -g -fpic -I../include -I../../proj4lib/include -I../../shapelib-1.3.0
g++ -std=c++11 -c DgOutRandPtsText.cpp -g -O2 -fstack-protector-strong -Wformat -Werror=format-security -Wdate-time -D_FORTIFY_SOURCE=2 -g -fpic -I../include -I../../proj4lib/include -I../../shapelib-1.3.0
g++ -std=c++11 -c DgRFNetwork.cpp -g -O2 -fstack-protector-strong -Wformat -Werror=format-security -Wdate-time -D_FORTIFY_SOURCE=2 -g -fpic -I../include -I../../proj4lib/include -I../../shapelib-1.3.0
ar rcs dglib.a  DgAddressBase.o DgDiscRFS2D.o DgHexC1Grid2D.o DgIDGGS.o DgLocList.o DgOutShapefile.o DgSeriesConverter.o DgBase.o DgDistanceBase.o DgHexC2Grid2D.o DgInAIGenFile.o DgLocVector.o DgParamList.o DgSqrD4Grid2D.o DgBoundedHexC2RF2D.o DgDmdD4Grid2D.o DgHexGrid2DS.o DgInLocTextFile.o DgOutAIGenFile.o DgPolygon.o DgSqrD4Grid2DS.o DgBoundedIDGG.o DgDmdD4Grid2DS.o DgIcosaMap.o DgInputStream.o DgOutGeoJSONFile.o DgProjFuller.o DgSqrD8Grid2D.o DgBoundedIDGGS.o DgDmdD8Grid2D.o DgIDGG.o DgInShapefileAtt.o DgOutKMLfile.o DgProjGnomonicRF.o DgSqrD8Grid2DS.o DgBoundedRF2D.o DgDmdD8Grid2DS.o DgIDGGS3H.o DgInShapefile.o DgOutLocFile.o DgProjISEA.o DgSuperfund.o DgBoundedRFS2D.o DgDVec2D.o DgIDGGS43H.o DgIVec2D.o DgOutLocTextFile.o DgProjTriRF.o DgTriGrid2D.o DgCell.o DgDVec3D.o DgIDGGS4D.o DgIVec3D.o DgOutPtsText.o DgRandom.o DgTriGrid2DS.o DgColor.o DgEllipsoidRF.o DgIDGGS4H.o DgLocation.o DgOutputStream.o DgRFBase.o DgUtil.o DgConverterBase.o DgGeoSphRF.o DgIDGGS4T.o DgLocBase.o DgOutRandPtsText.o DgRFNetwork.o
make[1]: Leaving directory '/tmp/RtmpTRHGp3/devtoolsa70b72349e01/dggridR/src/lib/dglib/lib'
make[1]: Entering directory '/tmp/RtmpTRHGp3/devtoolsa70b72349e01/dggridR/src/apps/dggrid'
g++ -std=c++11 -c binpres.cpp -g -O2 -fstack-protector-strong -Wformat -Werror=format-security -Wdate-time -D_FORTIFY_SOURCE=2 -g -I../../lib/dglib/include -I../../lib/clipper -I../../lib/proj4lib/include -I../../lib/shapelib-1.3.0 -I. -o binpres.o
make[1]: Entering directory '/tmp/RtmpTRHGp3/devtoolsa70b72349e01/dggridR/src/apps/appex'
g++ -std=c++11 -c appex.cpp -g -O2 -fstack-protector-strong -Wformat -Werror=format-security -Wdate-time -D_FORTIFY_SOURCE=2 -g -I../../lib/dglib/include -I../../lib/clipper -I../../lib/proj4lib/include -o appex.o
g++ -std=c++11 -c binvals.cpp -g -O2 -fstack-protector-strong -Wformat -Werror=format-security -Wdate-time -D_FORTIFY_SOURCE=2 -g -I../../lib/dglib/include -I../../lib/clipper -I../../lib/proj4lib/include -I../../lib/shapelib-1.3.0 -I. -o binvals.o
g++ -std=c++11 -c dggrid.cpp -g -O2 -fstack-protector-strong -Wformat -Werror=format-security -Wdate-time -D_FORTIFY_SOURCE=2 -g -I../../lib/dglib/include -I../../lib/clipper -I../../lib/proj4lib/include -I../../lib/shapelib-1.3.0 -I. -o dggrid.o
g++ -std=c++11 -c DgHexSF.cpp -g -O2 -fstack-protector-strong -Wformat -Werror=format-security -Wdate-time -D_FORTIFY_SOURCE=2 -g -I../../lib/dglib/include -I../../lib/clipper -I../../lib/proj4lib/include -I../../lib/shapelib-1.3.0 -I. -o DgHexSF.o
g++ -std=c++11 -c gridgen.cpp -g -O2 -fstack-protector-strong -Wformat -Werror=format-security -Wdate-time -D_FORTIFY_SOURCE=2 -g -I../../lib/dglib/include -I../../lib/clipper -I../../lib/proj4lib/include -I../../lib/shapelib-1.3.0 -I. -o gridgen.o
g++ -std=c++11 -c param.cpp -g -O2 -fstack-protector-strong -Wformat -Werror=format-security -Wdate-time -D_FORTIFY_SOURCE=2 -g -I../../lib/dglib/include -I../../lib/clipper -I../../lib/proj4lib/include -I../../lib/shapelib-1.3.0 -I. -o param.o
g++ -std=c++11 -c quadclip.cpp -g -O2 -fstack-protector-strong -Wformat -Werror=format-security -Wdate-time -D_FORTIFY_SOURCE=2 -g -I../../lib/dglib/include -I../../lib/clipper -I../../lib/proj4lib/include -I../../lib/shapelib-1.3.0 -I. -o quadclip.o
g++ -std=c++11 -c table.cpp -g -O2 -fstack-protector-strong -Wformat -Werror=format-security -Wdate-time -D_FORTIFY_SOURCE=2 -g -I../../lib/dglib/include -I../../lib/clipper -I../../lib/proj4lib/include -I../../lib/shapelib-1.3.0 -I. -o table.o
g++ -std=c++11 -c transform.cpp -g -O2 -fstack-protector-strong -Wformat -Werror=format-security -Wdate-time -D_FORTIFY_SOURCE=2 -g -I../../lib/dglib/include -I../../lib/clipper -I../../lib/proj4lib/include -I../../lib/shapelib-1.3.0 -I. -o transform.o
g++ -std=c++11 -c util.cpp -g -O2 -fstack-protector-strong -Wformat -Werror=format-security -Wdate-time -D_FORTIFY_SOURCE=2 -g -I../../lib/dglib/include -I../../lib/clipper -I../../lib/proj4lib/include -I../../lib/shapelib-1.3.0 -I. -o util.o
g++ -std=c++11 -g -O2 -fstack-protector-strong -Wformat -Werror=format-security -Wdate-time -D_FORTIFY_SOURCE=2 -g -o appex appex.o ../../lib/dglib/lib/dglib.a ../../lib/clipper/libclipper.a ../../lib/proj4lib/lib/proj4lib.a ../../lib/shapelib-1.3.0/libshp.a -I../../lib/dglib/include -I../../lib/clipper -I../../lib/proj4lib/include
g++ -std=c++11 -g -O2 -fstack-protector-strong -Wformat -Werror=format-security -Wdate-time -D_FORTIFY_SOURCE=2 -g -o dggrid binpres.o  binvals.o  dggrid.o  DgHexSF.o  gridgen.o  param.o  quadclip.o  table.o  transform.o  util.o ../../lib/dglib/lib/dglib.a ../../lib/clipper/libclipper.a ../../lib/proj4lib/lib/proj4lib.a ../../lib/shapelib-1.3.0/libshp.a -I../../lib/dglib/include -I../../lib/clipper -I../../lib/proj4lib/include -I../../lib/shapelib-1.3.0 -I.
make[1]: Leaving directory '/tmp/RtmpTRHGp3/devtoolsa70b72349e01/dggridR/src/apps/appex'
make[1]: Leaving directory '/tmp/RtmpTRHGp3/devtoolsa70b72349e01/dggridR/src/apps/dggrid'
installing via 'install.libs.R' to /home/muelleki/R/x86_64-pc-linux-gnu-library/3.3/dggridR
** R
** data
** inst
** tests
** preparing package for lazy loading
Error in dyn.load(file, DLLpath = DLLpath, ...) : 
  unable to load shared object '/home/muelleki/R/x86_64-pc-linux-gnu-library/3.3/rgdal/libs/rgdal.so':
  libgdal.so.1: cannot open shared object file: No such file or directory
Error : package ‘rgdal’ could not be loaded
ERROR: lazy loading failed for package ‘dggridR’
* removing ‘/home/muelleki/R/x86_64-pc-linux-gnu-library/3.3/dggridR’
